{"/Users/pleisure/Documents/testing_with_rn/src/App.tsx": {"path":"/Users/pleisure/Documents/testing_with_rn/src/App.tsx","statementMap":{"0":{"start":{"line":5,"column":12},"end":{"line":11,"column":1}},"1":{"start":{"line":6,"column":2},"end":{"line":10,"column":4}},"2":{"start":{"line":15,"column":15},"end":{"line":21,"column":2}}},"fnMap":{"0":{"name":"(anonymous_0)","decl":{"start":{"line":5,"column":12},"end":{"line":5,"column":13}},"loc":{"start":{"line":5,"column":18},"end":{"line":11,"column":1}},"line":5}},"branchMap":{},"s":{"0":1,"1":1,"2":1},"f":{"0":1},"b":{},"_coverageSchema":"1a1c01bbd47fc00a2c39e90264f33305004495a9","hash":"7e70e75a0b9a053fd14fa8d30dd61df043d3fc73"}
,"/Users/pleisure/Documents/testing_with_rn/src/Greeting.tsx": {"path":"/Users/pleisure/Documents/testing_with_rn/src/Greeting.tsx","statementMap":{"0":{"start":{"line":4,"column":17},"end":{"line":6,"column":1}},"1":{"start":{"line":5,"column":2},"end":{"line":5,"column":52}}},"fnMap":{"0":{"name":"(anonymous_0)","decl":{"start":{"line":4,"column":17},"end":{"line":4,"column":18}},"loc":{"start":{"line":4,"column":44},"end":{"line":6,"column":1}},"line":4}},"branchMap":{},"s":{"0":3,"1":11},"f":{"0":11},"b":{},"_coverageSchema":"1a1c01bbd47fc00a2c39e90264f33305004495a9","hash":"cb0edbf80a6686d5363d3bca781c192aaf25123a"}
,"/Users/pleisure/Documents/testing_with_rn/src/Profile.tsx": {"path":"/Users/pleisure/Documents/testing_with_rn/src/Profile.tsx","statementMap":{"0":{"start":{"line":5,"column":16},"end":{"line":18,"column":1}},"1":{"start":{"line":6,"column":24},"end":{"line":6,"column":54}},"2":{"start":{"line":8,"column":2},"end":{"line":17,"column":4}},"3":{"start":{"line":14,"column":44},"end":{"line":14,"column":60}},"4":{"start":{"line":15,"column":46},"end":{"line":15,"column":64}},"5":{"start":{"line":22,"column":15},"end":{"line":29,"column":2}}},"fnMap":{"0":{"name":"(anonymous_0)","decl":{"start":{"line":5,"column":16},"end":{"line":5,"column":17}},"loc":{"start":{"line":5,"column":43},"end":{"line":18,"column":1}},"line":5},"1":{"name":"(anonymous_1)","decl":{"start":{"line":14,"column":38},"end":{"line":14,"column":39}},"loc":{"start":{"line":14,"column":44},"end":{"line":14,"column":60}},"line":14},"2":{"name":"(anonymous_2)","decl":{"start":{"line":15,"column":40},"end":{"line":15,"column":41}},"loc":{"start":{"line":15,"column":46},"end":{"line":15,"column":64}},"line":15}},"branchMap":{},"s":{"0":2,"1":5,"2":5,"3":1,"4":1,"5":2},"f":{"0":5,"1":1,"2":1},"b":{},"_coverageSchema":"1a1c01bbd47fc00a2c39e90264f33305004495a9","hash":"4b2572e4adf31a5c56bbeb9d6b60b16a27d94fa4"}
}
